[0.757s] DEBUG:colcon:Command line arguments: ['/usr/bin/colcon', 'build']
[0.757s] DEBUG:colcon:Parsed command line arguments: Namespace(log_base=None, log_level=None, verb_name='build', build_base='build', install_base='install', merge_install=False, symlink_install=False, test_result_base=None, continue_on_error=False, executor='parallel', parallel_workers=20, event_handlers=None, ignore_user_meta=False, metas=['./colcon.meta'], base_paths=['.'], packages_ignore=None, packages_ignore_regex=None, paths=None, packages_up_to=None, packages_up_to_regex=None, packages_above=None, packages_above_and_dependencies=None, packages_above_depth=None, packages_select_by_dep=None, packages_skip_by_dep=None, packages_skip_up_to=None, packages_select_build_failed=False, packages_skip_build_finished=False, packages_select_test_failures=False, packages_skip_test_passed=False, packages_select=None, packages_skip=None, packages_select_regex=None, packages_skip_regex=None, packages_start=None, packages_end=None, allow_overriding=[], cmake_args=None, cmake_target=None, cmake_target_skip_unavailable=False, cmake_clean_cache=False, cmake_clean_first=False, cmake_force_configure=False, ament_cmake_args=None, catkin_cmake_args=None, catkin_skip_building_tests=False, verb_parser=<colcon_defaults.argument_parser.defaults.DefaultArgumentsDecorator object at 0x7f4d2319e0e0>, verb_extension=<colcon_core.verb.build.BuildVerb object at 0x7f4d23488df0>, main=<bound method BuildVerb.main of <colcon_core.verb.build.BuildVerb object at 0x7f4d23488df0>>)
[0.779s] Level 1:colcon.colcon_core.package_discovery:discover_packages(colcon_meta) check parameters
[0.779s] Level 1:colcon.colcon_core.package_discovery:discover_packages(recursive) check parameters
[0.779s] Level 1:colcon.colcon_core.package_discovery:discover_packages(ignore) check parameters
[0.779s] Level 1:colcon.colcon_core.package_discovery:discover_packages(path) check parameters
[0.779s] Level 1:colcon.colcon_core.package_discovery:discover_packages(colcon_meta) discover
[0.779s] Level 1:colcon.colcon_core.package_discovery:discover_packages(recursive) discover
[0.779s] INFO:colcon.colcon_core.package_discovery:Crawling recursively for packages in '/home/teo/ros2_motor_gui_ws'
[0.780s] Level 1:colcon.colcon_core.package_identification:_identify(.) by extensions ['ignore', 'ignore_ament_install']
[0.780s] Level 1:colcon.colcon_core.package_identification:_identify(.) by extension 'ignore'
[0.780s] Level 1:colcon.colcon_core.package_identification:_identify(.) by extension 'ignore_ament_install'
[0.780s] Level 1:colcon.colcon_core.package_identification:_identify(.) by extensions ['colcon_pkg']
[0.780s] Level 1:colcon.colcon_core.package_identification:_identify(.) by extension 'colcon_pkg'
[0.780s] Level 1:colcon.colcon_core.package_identification:_identify(.) by extensions ['colcon_meta']
[0.780s] Level 1:colcon.colcon_core.package_identification:_identify(.) by extension 'colcon_meta'
[0.780s] Level 1:colcon.colcon_core.package_identification:_identify(.) by extensions ['ros']
[0.780s] Level 1:colcon.colcon_core.package_identification:_identify(.) by extension 'ros'
[0.787s] Level 1:colcon.colcon_core.package_identification:_identify(.) by extensions ['cmake', 'python']
[0.787s] Level 1:colcon.colcon_core.package_identification:_identify(.) by extension 'cmake'
[0.787s] Level 1:colcon.colcon_core.package_identification:_identify(.) by extension 'python'
[0.787s] Level 1:colcon.colcon_core.package_identification:_identify(.) by extensions ['python_setup_py']
[0.787s] Level 1:colcon.colcon_core.package_identification:_identify(.) by extension 'python_setup_py'
[0.787s] Level 1:colcon.colcon_core.package_identification:_identify(build) by extensions ['ignore', 'ignore_ament_install']
[0.787s] Level 1:colcon.colcon_core.package_identification:_identify(build) by extension 'ignore'
[0.787s] Level 1:colcon.colcon_core.package_identification:_identify(build) ignored
[0.787s] Level 1:colcon.colcon_core.package_identification:_identify(install) by extensions ['ignore', 'ignore_ament_install']
[0.787s] Level 1:colcon.colcon_core.package_identification:_identify(install) by extension 'ignore'
[0.788s] Level 1:colcon.colcon_core.package_identification:_identify(install) ignored
[0.788s] Level 1:colcon.colcon_core.package_identification:_identify(log) by extensions ['ignore', 'ignore_ament_install']
[0.788s] Level 1:colcon.colcon_core.package_identification:_identify(log) by extension 'ignore'
[0.788s] Level 1:colcon.colcon_core.package_identification:_identify(log) ignored
[0.788s] Level 1:colcon.colcon_core.package_identification:_identify(src) by extensions ['ignore', 'ignore_ament_install']
[0.788s] Level 1:colcon.colcon_core.package_identification:_identify(src) by extension 'ignore'
[0.788s] Level 1:colcon.colcon_core.package_identification:_identify(src) by extension 'ignore_ament_install'
[0.788s] Level 1:colcon.colcon_core.package_identification:_identify(src) by extensions ['colcon_pkg']
[0.788s] Level 1:colcon.colcon_core.package_identification:_identify(src) by extension 'colcon_pkg'
[0.788s] Level 1:colcon.colcon_core.package_identification:_identify(src) by extensions ['colcon_meta']
[0.788s] Level 1:colcon.colcon_core.package_identification:_identify(src) by extension 'colcon_meta'
[0.788s] Level 1:colcon.colcon_core.package_identification:_identify(src) by extensions ['ros']
[0.788s] Level 1:colcon.colcon_core.package_identification:_identify(src) by extension 'ros'
[0.788s] Level 1:colcon.colcon_core.package_identification:_identify(src) by extensions ['cmake', 'python']
[0.788s] Level 1:colcon.colcon_core.package_identification:_identify(src) by extension 'cmake'
[0.788s] Level 1:colcon.colcon_core.package_identification:_identify(src) by extension 'python'
[0.788s] Level 1:colcon.colcon_core.package_identification:_identify(src) by extensions ['python_setup_py']
[0.788s] Level 1:colcon.colcon_core.package_identification:_identify(src) by extension 'python_setup_py'
[0.788s] Level 1:colcon.colcon_core.package_identification:_identify(src/py_motor_gui) by extensions ['ignore', 'ignore_ament_install']
[0.788s] Level 1:colcon.colcon_core.package_identification:_identify(src/py_motor_gui) by extension 'ignore'
[0.788s] Level 1:colcon.colcon_core.package_identification:_identify(src/py_motor_gui) by extension 'ignore_ament_install'
[0.788s] Level 1:colcon.colcon_core.package_identification:_identify(src/py_motor_gui) by extensions ['colcon_pkg']
[0.788s] Level 1:colcon.colcon_core.package_identification:_identify(src/py_motor_gui) by extension 'colcon_pkg'
[0.788s] Level 1:colcon.colcon_core.package_identification:_identify(src/py_motor_gui) by extensions ['colcon_meta']
[0.788s] Level 1:colcon.colcon_core.package_identification:_identify(src/py_motor_gui) by extension 'colcon_meta'
[0.788s] Level 1:colcon.colcon_core.package_identification:_identify(src/py_motor_gui) by extensions ['ros']
[0.788s] Level 1:colcon.colcon_core.package_identification:_identify(src/py_motor_gui) by extension 'ros'
[0.790s] DEBUG:colcon.colcon_core.package_identification:Package 'src/py_motor_gui' with type 'ros.ament_cmake' and name 'py_motor_gui'
[0.790s] Level 1:colcon.colcon_core.package_discovery:discover_packages(recursive) using defaults
[0.790s] Level 1:colcon.colcon_core.package_discovery:discover_packages(ignore) discover
[0.790s] Level 1:colcon.colcon_core.package_discovery:discover_packages(ignore) using defaults
[0.790s] Level 1:colcon.colcon_core.package_discovery:discover_packages(path) discover
[0.790s] Level 1:colcon.colcon_core.package_discovery:discover_packages(path) using defaults
[0.835s] Level 1:colcon.colcon_core.package_discovery:discover_packages(prefix_path) check parameters
[0.835s] Level 1:colcon.colcon_core.package_discovery:discover_packages(prefix_path) discover
[0.848s] DEBUG:colcon.colcon_installed_package_information.package_discovery:Found 1 installed packages in /home/teo/ros2_motor_gui_ws/install
[0.854s] DEBUG:colcon.colcon_installed_package_information.package_discovery:Found 309 installed packages in /opt/ros/humble
[0.855s] Level 1:colcon.colcon_core.package_discovery:discover_packages(prefix_path) using defaults
[0.904s] Level 5:colcon.colcon_core.verb:set package 'py_motor_gui' build argument 'cmake_args' from command line to 'None'
[0.904s] Level 5:colcon.colcon_core.verb:set package 'py_motor_gui' build argument 'cmake_target' from command line to 'None'
[0.904s] Level 5:colcon.colcon_core.verb:set package 'py_motor_gui' build argument 'cmake_target_skip_unavailable' from command line to 'False'
[0.904s] Level 5:colcon.colcon_core.verb:set package 'py_motor_gui' build argument 'cmake_clean_cache' from command line to 'False'
[0.904s] Level 5:colcon.colcon_core.verb:set package 'py_motor_gui' build argument 'cmake_clean_first' from command line to 'False'
[0.904s] Level 5:colcon.colcon_core.verb:set package 'py_motor_gui' build argument 'cmake_force_configure' from command line to 'False'
[0.904s] Level 5:colcon.colcon_core.verb:set package 'py_motor_gui' build argument 'ament_cmake_args' from command line to 'None'
[0.904s] Level 5:colcon.colcon_core.verb:set package 'py_motor_gui' build argument 'catkin_cmake_args' from command line to 'None'
[0.904s] Level 5:colcon.colcon_core.verb:set package 'py_motor_gui' build argument 'catkin_skip_building_tests' from command line to 'False'
[0.904s] DEBUG:colcon.colcon_core.verb:Building package 'py_motor_gui' with the following arguments: {'ament_cmake_args': None, 'build_base': '/home/teo/ros2_motor_gui_ws/build/py_motor_gui', 'catkin_cmake_args': None, 'catkin_skip_building_tests': False, 'cmake_args': None, 'cmake_clean_cache': False, 'cmake_clean_first': False, 'cmake_force_configure': False, 'cmake_target': None, 'cmake_target_skip_unavailable': False, 'install_base': '/home/teo/ros2_motor_gui_ws/install/py_motor_gui', 'merge_install': False, 'path': '/home/teo/ros2_motor_gui_ws/src/py_motor_gui', 'symlink_install': False, 'test_result_base': None}
[0.911s] INFO:colcon.colcon_core.executor:Executing jobs using 'parallel' executor
[0.917s] DEBUG:colcon.colcon_parallel_executor.executor.parallel:run_until_complete
[0.917s] INFO:colcon.colcon_ros.task.ament_cmake.build:Building ROS package in '/home/teo/ros2_motor_gui_ws/src/py_motor_gui' with build type 'ament_cmake'
[0.917s] INFO:colcon.colcon_cmake.task.cmake.build:Building CMake package in '/home/teo/ros2_motor_gui_ws/src/py_motor_gui'
[0.925s] INFO:colcon.colcon_core.plugin_system:Skipping extension 'colcon_core.shell.bat': Not used on non-Windows systems
[0.925s] INFO:colcon.colcon_core.shell:Skip shell extension 'powershell' for command environment: Not usable outside of PowerShell
[0.925s] DEBUG:colcon.colcon_core.shell:Skip shell extension 'dsv' for command environment
[0.954s] DEBUG:colcon.colcon_core.event_handler.log_command:Invoking command in '/home/teo/ros2_motor_gui_ws/build/py_motor_gui': CMAKE_PREFIX_PATH=${CMAKE_PREFIX_PATH}:/opt/ros/humble /usr/bin/cmake --build /home/teo/ros2_motor_gui_ws/build/py_motor_gui -- -j20 -l20
[0.973s] DEBUG:colcon.colcon_core.event_handler.log_command:Invoked command in '/home/teo/ros2_motor_gui_ws/build/py_motor_gui' returned '0': CMAKE_PREFIX_PATH=${CMAKE_PREFIX_PATH}:/opt/ros/humble /usr/bin/cmake --build /home/teo/ros2_motor_gui_ws/build/py_motor_gui -- -j20 -l20
[0.986s] DEBUG:colcon.colcon_core.event_handler.log_command:Invoking command in '/home/teo/ros2_motor_gui_ws/build/py_motor_gui': CMAKE_PREFIX_PATH=${CMAKE_PREFIX_PATH}:/opt/ros/humble /usr/bin/cmake --install /home/teo/ros2_motor_gui_ws/build/py_motor_gui
[0.990s] Level 1:colcon.colcon_core.environment:create_environment_scripts_only(py_motor_gui)
[0.991s] DEBUG:colcon.colcon_core.event_handler.log_command:Invoked command in '/home/teo/ros2_motor_gui_ws/build/py_motor_gui' returned '0': CMAKE_PREFIX_PATH=${CMAKE_PREFIX_PATH}:/opt/ros/humble /usr/bin/cmake --install /home/teo/ros2_motor_gui_ws/build/py_motor_gui
[0.998s] Level 1:colcon.colcon_core.environment:checking '/home/teo/ros2_motor_gui_ws/install/py_motor_gui' for CMake module files
[0.998s] Level 1:colcon.colcon_core.environment:checking '/home/teo/ros2_motor_gui_ws/install/py_motor_gui' for CMake config files
[0.998s] Level 1:colcon.colcon_core.shell:create_environment_hook('py_motor_gui', 'cmake_prefix_path')
[1.006s] INFO:colcon.colcon_core.shell:Creating environment hook '/home/teo/ros2_motor_gui_ws/install/py_motor_gui/share/py_motor_gui/hook/cmake_prefix_path.ps1'
[1.007s] INFO:colcon.colcon_core.shell:Creating environment descriptor '/home/teo/ros2_motor_gui_ws/install/py_motor_gui/share/py_motor_gui/hook/cmake_prefix_path.dsv'
[1.007s] INFO:colcon.colcon_core.shell:Creating environment hook '/home/teo/ros2_motor_gui_ws/install/py_motor_gui/share/py_motor_gui/hook/cmake_prefix_path.sh'
[1.008s] Level 1:colcon.colcon_core.environment:checking '/home/teo/ros2_motor_gui_ws/install/py_motor_gui/bin'
[1.008s] Level 1:colcon.colcon_core.environment:checking '/home/teo/ros2_motor_gui_ws/install/py_motor_gui/lib/pkgconfig/py_motor_gui.pc'
[1.008s] Level 1:colcon.colcon_core.environment:checking '/home/teo/ros2_motor_gui_ws/install/py_motor_gui/lib/python3.10/site-packages'
[1.008s] Level 1:colcon.colcon_core.environment:checking '/home/teo/ros2_motor_gui_ws/install/py_motor_gui/bin'
[1.014s] INFO:colcon.colcon_core.shell:Creating package script '/home/teo/ros2_motor_gui_ws/install/py_motor_gui/share/py_motor_gui/package.ps1'
[1.015s] INFO:colcon.colcon_core.shell:Creating package descriptor '/home/teo/ros2_motor_gui_ws/install/py_motor_gui/share/py_motor_gui/package.dsv'
[1.015s] INFO:colcon.colcon_core.shell:Creating package script '/home/teo/ros2_motor_gui_ws/install/py_motor_gui/share/py_motor_gui/package.sh'
[1.015s] INFO:colcon.colcon_core.shell:Creating package script '/home/teo/ros2_motor_gui_ws/install/py_motor_gui/share/py_motor_gui/package.bash'
[1.016s] INFO:colcon.colcon_core.shell:Creating package script '/home/teo/ros2_motor_gui_ws/install/py_motor_gui/share/py_motor_gui/package.zsh'
[1.016s] Level 1:colcon.colcon_core.environment:create_file_with_runtime_dependencies(/home/teo/ros2_motor_gui_ws/install/py_motor_gui/share/colcon-core/packages/py_motor_gui)
[1.032s] Level 1:colcon.colcon_core.environment:create_environment_scripts_only(py_motor_gui)
[1.040s] Level 1:colcon.colcon_core.environment:checking '/home/teo/ros2_motor_gui_ws/install/py_motor_gui' for CMake module files
[1.041s] Level 1:colcon.colcon_core.environment:checking '/home/teo/ros2_motor_gui_ws/install/py_motor_gui' for CMake config files
[1.041s] Level 1:colcon.colcon_core.shell:create_environment_hook('py_motor_gui', 'cmake_prefix_path')
[1.048s] INFO:colcon.colcon_core.shell:Creating environment hook '/home/teo/ros2_motor_gui_ws/install/py_motor_gui/share/py_motor_gui/hook/cmake_prefix_path.ps1'
[1.048s] INFO:colcon.colcon_core.shell:Creating environment descriptor '/home/teo/ros2_motor_gui_ws/install/py_motor_gui/share/py_motor_gui/hook/cmake_prefix_path.dsv'
[1.048s] INFO:colcon.colcon_core.shell:Creating environment hook '/home/teo/ros2_motor_gui_ws/install/py_motor_gui/share/py_motor_gui/hook/cmake_prefix_path.sh'
[1.049s] Level 1:colcon.colcon_core.environment:checking '/home/teo/ros2_motor_gui_ws/install/py_motor_gui/bin'
[1.049s] Level 1:colcon.colcon_core.environment:checking '/home/teo/ros2_motor_gui_ws/install/py_motor_gui/lib/pkgconfig/py_motor_gui.pc'
[1.049s] Level 1:colcon.colcon_core.environment:checking '/home/teo/ros2_motor_gui_ws/install/py_motor_gui/lib/python3.10/site-packages'
[1.049s] Level 1:colcon.colcon_core.environment:checking '/home/teo/ros2_motor_gui_ws/install/py_motor_gui/bin'
[1.055s] INFO:colcon.colcon_core.shell:Creating package script '/home/teo/ros2_motor_gui_ws/install/py_motor_gui/share/py_motor_gui/package.ps1'
[1.055s] INFO:colcon.colcon_core.shell:Creating package descriptor '/home/teo/ros2_motor_gui_ws/install/py_motor_gui/share/py_motor_gui/package.dsv'
[1.056s] INFO:colcon.colcon_core.shell:Creating package script '/home/teo/ros2_motor_gui_ws/install/py_motor_gui/share/py_motor_gui/package.sh'
[1.056s] INFO:colcon.colcon_core.shell:Creating package script '/home/teo/ros2_motor_gui_ws/install/py_motor_gui/share/py_motor_gui/package.bash'
[1.057s] INFO:colcon.colcon_core.shell:Creating package script '/home/teo/ros2_motor_gui_ws/install/py_motor_gui/share/py_motor_gui/package.zsh'
[1.057s] Level 1:colcon.colcon_core.environment:create_file_with_runtime_dependencies(/home/teo/ros2_motor_gui_ws/install/py_motor_gui/share/colcon-core/packages/py_motor_gui)
[1.057s] DEBUG:colcon.colcon_parallel_executor.executor.parallel:closing loop
[1.057s] DEBUG:colcon.colcon_parallel_executor.executor.parallel:loop closed
[1.057s] DEBUG:colcon.colcon_parallel_executor.executor.parallel:run_until_complete finished with '0'
[1.057s] DEBUG:colcon.colcon_core.event_reactor:joining thread
[1.088s] INFO:colcon.colcon_core.plugin_system:Skipping extension 'colcon_notification.desktop_notification.notify_send': Could not find 'notify-send'
[1.088s] INFO:colcon.colcon_core.plugin_system:Skipping extension 'colcon_notification.desktop_notification.terminal_notifier': Not used on non-Darwin systems
[1.088s] INFO:colcon.colcon_core.plugin_system:Skipping extension 'colcon_notification.desktop_notification.win32': Not used on non-Windows systems
[1.088s] INFO:colcon.colcon_notification.desktop_notification:Sending desktop notification using 'notify2'
[1.089s] DEBUG:colcon.colcon_notification.desktop_notification.notify2:Failed to initialize notify2: org.freedesktop.DBus.Error.ServiceUnknown: The name org.freedesktop.Notifications was not provided by any .service files
[1.089s] DEBUG:colcon.colcon_core.event_reactor:joined thread
[1.096s] INFO:colcon.colcon_core.shell:Creating prefix script '/home/teo/ros2_motor_gui_ws/install/local_setup.ps1'
[1.096s] INFO:colcon.colcon_core.shell:Creating prefix util module '/home/teo/ros2_motor_gui_ws/install/_local_setup_util_ps1.py'
[1.097s] INFO:colcon.colcon_core.shell:Creating prefix chain script '/home/teo/ros2_motor_gui_ws/install/setup.ps1'
[1.103s] INFO:colcon.colcon_core.shell:Creating prefix script '/home/teo/ros2_motor_gui_ws/install/local_setup.sh'
[1.104s] INFO:colcon.colcon_core.shell:Creating prefix util module '/home/teo/ros2_motor_gui_ws/install/_local_setup_util_sh.py'
[1.104s] INFO:colcon.colcon_core.shell:Creating prefix chain script '/home/teo/ros2_motor_gui_ws/install/setup.sh'
[1.111s] INFO:colcon.colcon_core.shell:Creating prefix script '/home/teo/ros2_motor_gui_ws/install/local_setup.bash'
[1.111s] INFO:colcon.colcon_core.shell:Creating prefix chain script '/home/teo/ros2_motor_gui_ws/install/setup.bash'
[1.119s] INFO:colcon.colcon_core.shell:Creating prefix script '/home/teo/ros2_motor_gui_ws/install/local_setup.zsh'
[1.119s] INFO:colcon.colcon_core.shell:Creating prefix chain script '/home/teo/ros2_motor_gui_ws/install/setup.zsh'
