/home/teo/ros2_motor_gui_ws/install/py_motor_gui/lib/python3.10/site-packages/py_motor_gui/motorGuiLogic.py
/home/teo/ros2_motor_gui_ws/install/py_motor_gui/lib/python3.10/site-packages/py_motor_gui/motorGuiNode.py
/home/teo/ros2_motor_gui_ws/install/py_motor_gui/lib/python3.10/site-packages/py_motor_gui/my_node.py
/home/teo/ros2_motor_gui_ws/install/py_motor_gui/lib/python3.10/site-packages/py_motor_gui/motorGuiWindow.py
/home/teo/ros2_motor_gui_ws/install/py_motor_gui/lib/python3.10/site-packages/py_motor_gui/__init__.py
/home/teo/ros2_motor_gui_ws/install/py_motor_gui/lib/python3.10/site-packages/py_motor_gui/__pycache__/motorGuiLogic.cpython-310.pyc
/home/teo/ros2_motor_gui_ws/install/py_motor_gui/lib/python3.10/site-packages/py_motor_gui/__pycache__/motorGuiNode.cpython-310.pyc
/home/teo/ros2_motor_gui_ws/install/py_motor_gui/lib/python3.10/site-packages/py_motor_gui/__pycache__/my_node.cpython-310.pyc
/home/teo/ros2_motor_gui_ws/install/py_motor_gui/lib/python3.10/site-packages/py_motor_gui/__pycache__/motorGuiWindow.cpython-310.pyc
/home/teo/ros2_motor_gui_ws/install/py_motor_gui/lib/python3.10/site-packages/py_motor_gui/__pycache__/__init__.cpython-310.pyc
/home/teo/ros2_motor_gui_ws/install/py_motor_gui/share/ament_index/resource_index/packages/py_motor_gui
/home/teo/ros2_motor_gui_ws/install/py_motor_gui/share/py_motor_gui/package.xml
/home/teo/ros2_motor_gui_ws/install/py_motor_gui/lib/python3.10/site-packages/py_motor_gui-0.0.0-py3.10.egg-info/top_level.txt
/home/teo/ros2_motor_gui_ws/install/py_motor_gui/lib/python3.10/site-packages/py_motor_gui-0.0.0-py3.10.egg-info/dependency_links.txt
/home/teo/ros2_motor_gui_ws/install/py_motor_gui/lib/python3.10/site-packages/py_motor_gui-0.0.0-py3.10.egg-info/entry_points.txt
/home/teo/ros2_motor_gui_ws/install/py_motor_gui/lib/python3.10/site-packages/py_motor_gui-0.0.0-py3.10.egg-info/SOURCES.txt
/home/teo/ros2_motor_gui_ws/install/py_motor_gui/lib/python3.10/site-packages/py_motor_gui-0.0.0-py3.10.egg-info/requires.txt
/home/teo/ros2_motor_gui_ws/install/py_motor_gui/lib/python3.10/site-packages/py_motor_gui-0.0.0-py3.10.egg-info/PKG-INFO
/home/teo/ros2_motor_gui_ws/install/py_motor_gui/lib/python3.10/site-packages/py_motor_gui-0.0.0-py3.10.egg-info/zip-safe
/home/teo/ros2_motor_gui_ws/install/py_motor_gui/lib/py_motor_gui/motorGui
