running egg_info
writing ../../build/py_motor_gui/py_motor_gui.egg-info/PKG-INFO
writing dependency_links to ../../build/py_motor_gui/py_motor_gui.egg-info/dependency_links.txt
writing entry points to ../../build/py_motor_gui/py_motor_gui.egg-info/entry_points.txt
writing requirements to ../../build/py_motor_gui/py_motor_gui.egg-info/requires.txt
writing top-level names to ../../build/py_motor_gui/py_motor_gui.egg-info/top_level.txt
reading manifest file '../../build/py_motor_gui/py_motor_gui.egg-info/SOURCES.txt'
adding license file 'LICENSE'
writing manifest file '../../build/py_motor_gui/py_motor_gui.egg-info/SOURCES.txt'
running build
running build_py
running install
running install_lib
running install_data
running install_egg_info
removing '/home/teo/ros2_motor_gui_ws/install/py_motor_gui/lib/python3.10/site-packages/py_motor_gui-0.0.0-py3.10.egg-info' (and everything under it)
Copying ../../build/py_motor_gui/py_motor_gui.egg-info to /home/teo/ros2_motor_gui_ws/install/py_motor_gui/lib/python3.10/site-packages/py_motor_gui-0.0.0-py3.10.egg-info
running install_scripts
Installing motorGui script to /home/teo/ros2_motor_gui_ws/install/py_motor_gui/lib/py_motor_gui
writing list of installed files to '/home/teo/ros2_motor_gui_ws/build/py_motor_gui/install.log'
