[0.320s] Invoking command in '/home/teo/ros2_motor_gui_ws/src/py_motor_gui': PYTHONPATH=/home/teo/ros2_motor_gui_ws/build/py_motor_gui/prefix_override:/home/teo/ros2_motor_gui_ws/install/py_motor_gui/lib/python3.10/site-packages:${PYTHONPATH} /usr/bin/python3 setup.py egg_info --egg-base ../../build/py_motor_gui build --build-base /home/teo/ros2_motor_gui_ws/build/py_motor_gui/build install --record /home/teo/ros2_motor_gui_ws/build/py_motor_gui/install.log --single-version-externally-managed
[0.422s] running egg_info
[0.423s] writing ../../build/py_motor_gui/py_motor_gui.egg-info/PKG-INFO
[0.424s] writing dependency_links to ../../build/py_motor_gui/py_motor_gui.egg-info/dependency_links.txt
[0.424s] writing entry points to ../../build/py_motor_gui/py_motor_gui.egg-info/entry_points.txt
[0.424s] writing requirements to ../../build/py_motor_gui/py_motor_gui.egg-info/requires.txt
[0.424s] writing top-level names to ../../build/py_motor_gui/py_motor_gui.egg-info/top_level.txt
[0.425s] reading manifest file '../../build/py_motor_gui/py_motor_gui.egg-info/SOURCES.txt'
[0.425s] adding license file 'LICENSE'
[0.425s] writing manifest file '../../build/py_motor_gui/py_motor_gui.egg-info/SOURCES.txt'
[0.425s] running build
[0.425s] running build_py
[0.425s] copying py_motor_gui/motorGuiWindow.py -> /home/teo/ros2_motor_gui_ws/build/py_motor_gui/build/lib/py_motor_gui
[0.425s] running install
[0.425s] running install_lib
[0.426s] copying /home/teo/ros2_motor_gui_ws/build/py_motor_gui/build/lib/py_motor_gui/motorGuiWindow.py -> /home/teo/ros2_motor_gui_ws/install/py_motor_gui/lib/python3.10/site-packages/py_motor_gui
[0.426s] byte-compiling /home/teo/ros2_motor_gui_ws/install/py_motor_gui/lib/python3.10/site-packages/py_motor_gui/motorGuiWindow.py to motorGuiWindow.cpython-310.pyc
[0.433s] running install_data
[0.433s] running install_egg_info
[0.434s] removing '/home/teo/ros2_motor_gui_ws/install/py_motor_gui/lib/python3.10/site-packages/py_motor_gui-0.0.0-py3.10.egg-info' (and everything under it)
[0.434s] Copying ../../build/py_motor_gui/py_motor_gui.egg-info to /home/teo/ros2_motor_gui_ws/install/py_motor_gui/lib/python3.10/site-packages/py_motor_gui-0.0.0-py3.10.egg-info
[0.434s] running install_scripts
[0.444s] Installing motorGui script to /home/teo/ros2_motor_gui_ws/install/py_motor_gui/lib/py_motor_gui
[0.444s] writing list of installed files to '/home/teo/ros2_motor_gui_ws/build/py_motor_gui/install.log'
[0.455s] Invoked command in '/home/teo/ros2_motor_gui_ws/src/py_motor_gui' returned '0': PYTHONPATH=/home/teo/ros2_motor_gui_ws/build/py_motor_gui/prefix_override:/home/teo/ros2_motor_gui_ws/install/py_motor_gui/lib/python3.10/site-packages:${PYTHONPATH} /usr/bin/python3 setup.py egg_info --egg-base ../../build/py_motor_gui build --build-base /home/teo/ros2_motor_gui_ws/build/py_motor_gui/build install --record /home/teo/ros2_motor_gui_ws/build/py_motor_gui/install.log --single-version-externally-managed
