[0.057s] Invoking command in '/home/teo/ros2_motor_gui_ws/build/py_motor_gui': CMAKE_PREFIX_PATH=/opt/ros/humble /usr/bin/cmake /home/teo/ros2_motor_gui_ws/src/py_motor_gui -DCMAKE_INSTALL_PREFIX=/home/teo/ros2_motor_gui_ws/install/py_motor_gui
[0.302s] -- The C compiler identification is GNU 11.4.0
[0.995s] -- The CXX compiler identification is GNU 11.4.0
[1.143s] -- Detecting C compiler ABI info
[1.210s] -- Detecting C compiler ABI info - done
[1.214s] -- Check for working C compiler: /usr/bin/cc - skipped
[1.214s] -- Detecting C compile features
[1.214s] -- Detecting C compile features - done
[1.217s] -- Detecting CXX compiler ABI info
[1.288s] -- Detecting CXX compiler ABI info - done
[1.292s] -- Check for working CXX compiler: /usr/bin/c++ - skipped
[1.292s] -- Detecting CXX compile features
[1.292s] -- Detecting CXX compile features - done
[1.295s] -- Found ament_cmake: 1.3.7 (/opt/ros/humble/share/ament_cmake/cmake)
[1.392s] -- Found Python3: /usr/bin/python3.10 (found version "3.10.12") found components: Interpreter 
[1.455s] -- Found ament_lint_auto: 0.12.10 (/opt/ros/humble/share/ament_lint_auto/cmake)
[1.508s] -- Added test 'flake8' to check Python code syntax and style conventions
[1.508s] -- Added test 'lint_cmake' to check CMake code style
[1.509s] -- Added test 'pep257' to check Python code against some of the docstring style conventions in PEP 257
[1.510s] -- Added test 'xmllint' to check XML markup files
[1.511s] -- Configuring done
[1.512s] -- Generating done
[1.513s] -- Build files have been written to: /home/teo/ros2_motor_gui_ws/build/py_motor_gui
[1.515s] Invoked command in '/home/teo/ros2_motor_gui_ws/build/py_motor_gui' returned '0': CMAKE_PREFIX_PATH=/opt/ros/humble /usr/bin/cmake /home/teo/ros2_motor_gui_ws/src/py_motor_gui -DCMAKE_INSTALL_PREFIX=/home/teo/ros2_motor_gui_ws/install/py_motor_gui
[1.516s] Invoking command in '/home/teo/ros2_motor_gui_ws/build/py_motor_gui': CMAKE_PREFIX_PATH=/opt/ros/humble /usr/bin/cmake --build /home/teo/ros2_motor_gui_ws/build/py_motor_gui -- -j20 -l20
[1.534s] Invoked command in '/home/teo/ros2_motor_gui_ws/build/py_motor_gui' returned '0': CMAKE_PREFIX_PATH=/opt/ros/humble /usr/bin/cmake --build /home/teo/ros2_motor_gui_ws/build/py_motor_gui -- -j20 -l20
[1.546s] Invoking command in '/home/teo/ros2_motor_gui_ws/build/py_motor_gui': CMAKE_PREFIX_PATH=/opt/ros/humble /usr/bin/cmake --install /home/teo/ros2_motor_gui_ws/build/py_motor_gui
[1.549s] -- Install configuration: ""
[1.549s] -- Installing: /home/teo/ros2_motor_gui_ws/install/py_motor_gui/share/ament_index/resource_index/package_run_dependencies/py_motor_gui
[1.549s] -- Installing: /home/teo/ros2_motor_gui_ws/install/py_motor_gui/share/ament_index/resource_index/parent_prefix_path/py_motor_gui
[1.549s] -- Installing: /home/teo/ros2_motor_gui_ws/install/py_motor_gui/share/py_motor_gui/environment/ament_prefix_path.sh
[1.549s] -- Installing: /home/teo/ros2_motor_gui_ws/install/py_motor_gui/share/py_motor_gui/environment/ament_prefix_path.dsv
[1.550s] -- Installing: /home/teo/ros2_motor_gui_ws/install/py_motor_gui/share/py_motor_gui/environment/path.sh
[1.550s] -- Installing: /home/teo/ros2_motor_gui_ws/install/py_motor_gui/share/py_motor_gui/environment/path.dsv
[1.550s] -- Installing: /home/teo/ros2_motor_gui_ws/install/py_motor_gui/share/py_motor_gui/local_setup.bash
[1.550s] -- Installing: /home/teo/ros2_motor_gui_ws/install/py_motor_gui/share/py_motor_gui/local_setup.sh
[1.550s] -- Installing: /home/teo/ros2_motor_gui_ws/install/py_motor_gui/share/py_motor_gui/local_setup.zsh
[1.550s] -- Installing: /home/teo/ros2_motor_gui_ws/install/py_motor_gui/share/py_motor_gui/local_setup.dsv
[1.550s] -- Installing: /home/teo/ros2_motor_gui_ws/install/py_motor_gui/share/py_motor_gui/package.dsv
[1.550s] -- Installing: /home/teo/ros2_motor_gui_ws/install/py_motor_gui/share/ament_index/resource_index/packages/py_motor_gui
[1.550s] -- Installing: /home/teo/ros2_motor_gui_ws/install/py_motor_gui/share/py_motor_gui/cmake/py_motor_guiConfig.cmake
[1.550s] -- Installing: /home/teo/ros2_motor_gui_ws/install/py_motor_gui/share/py_motor_gui/cmake/py_motor_guiConfig-version.cmake
[1.550s] -- Installing: /home/teo/ros2_motor_gui_ws/install/py_motor_gui/share/py_motor_gui/package.xml
[1.551s] Invoked command in '/home/teo/ros2_motor_gui_ws/build/py_motor_gui' returned '0': CMAKE_PREFIX_PATH=/opt/ros/humble /usr/bin/cmake --install /home/teo/ros2_motor_gui_ws/build/py_motor_gui
