[0.371s] Invoking command in '/home/teo/ros2-motor-gui/src/py_motor_gui': PYTHONPATH=/home/teo/ros2-motor-gui/build/py_motor_gui/prefix_override:/home/teo/ros2-motor-gui/install/py_motor_gui/lib/python3.10/site-packages:${PYTHONPATH} /usr/bin/python3 setup.py egg_info --egg-base ../../build/py_motor_gui build --build-base /home/teo/ros2-motor-gui/build/py_motor_gui/build install --record /home/teo/ros2-motor-gui/build/py_motor_gui/install.log --single-version-externally-managed
[0.490s] running egg_info
[0.490s] writing ../../build/py_motor_gui/py_motor_gui.egg-info/PKG-INFO
[0.490s] writing dependency_links to ../../build/py_motor_gui/py_motor_gui.egg-info/dependency_links.txt
[0.490s] writing entry points to ../../build/py_motor_gui/py_motor_gui.egg-info/entry_points.txt
[0.491s] writing requirements to ../../build/py_motor_gui/py_motor_gui.egg-info/requires.txt
[0.491s] writing top-level names to ../../build/py_motor_gui/py_motor_gui.egg-info/top_level.txt
[0.492s] reading manifest file '../../build/py_motor_gui/py_motor_gui.egg-info/SOURCES.txt'
[0.492s] writing manifest file '../../build/py_motor_gui/py_motor_gui.egg-info/SOURCES.txt'
[0.492s] running build
[0.492s] running build_py
[0.492s] copying py_motor_gui/motorGuiLogic.py -> /home/teo/ros2-motor-gui/build/py_motor_gui/build/lib/py_motor_gui
[0.492s] copying py_motor_gui/motorGuiNode.py -> /home/teo/ros2-motor-gui/build/py_motor_gui/build/lib/py_motor_gui
[0.492s] running install
[0.492s] running install_lib
[0.493s] copying /home/teo/ros2-motor-gui/build/py_motor_gui/build/lib/py_motor_gui/motorGuiLogic.py -> /home/teo/ros2-motor-gui/install/py_motor_gui/lib/python3.10/site-packages/py_motor_gui
[0.493s] copying /home/teo/ros2-motor-gui/build/py_motor_gui/build/lib/py_motor_gui/motorGuiNode.py -> /home/teo/ros2-motor-gui/install/py_motor_gui/lib/python3.10/site-packages/py_motor_gui
[0.493s] byte-compiling /home/teo/ros2-motor-gui/install/py_motor_gui/lib/python3.10/site-packages/py_motor_gui/motorGuiLogic.py to motorGuiLogic.cpython-310.pyc
[0.494s] byte-compiling /home/teo/ros2-motor-gui/install/py_motor_gui/lib/python3.10/site-packages/py_motor_gui/motorGuiNode.py to motorGuiNode.cpython-310.pyc
[0.495s] running install_data
[0.495s] running install_egg_info
[0.496s] removing '/home/teo/ros2-motor-gui/install/py_motor_gui/lib/python3.10/site-packages/py_motor_gui-0.0.0-py3.10.egg-info' (and everything under it)
[0.496s] Copying ../../build/py_motor_gui/py_motor_gui.egg-info to /home/teo/ros2-motor-gui/install/py_motor_gui/lib/python3.10/site-packages/py_motor_gui-0.0.0-py3.10.egg-info
[0.496s] running install_scripts
[0.508s] Installing motorGui script to /home/teo/ros2-motor-gui/install/py_motor_gui/lib/py_motor_gui
[0.508s] writing list of installed files to '/home/teo/ros2-motor-gui/build/py_motor_gui/install.log'
[0.524s] Invoked command in '/home/teo/ros2-motor-gui/src/py_motor_gui' returned '0': PYTHONPATH=/home/teo/ros2-motor-gui/build/py_motor_gui/prefix_override:/home/teo/ros2-motor-gui/install/py_motor_gui/lib/python3.10/site-packages:${PYTHONPATH} /usr/bin/python3 setup.py egg_info --egg-base ../../build/py_motor_gui build --build-base /home/teo/ros2-motor-gui/build/py_motor_gui/build install --record /home/teo/ros2-motor-gui/build/py_motor_gui/install.log --single-version-externally-managed
