[0.534s] Invoking command in '/home/teo/ros2-motor-gui/src/py_motor_gui': PYTHONPATH=/home/teo/ros2-motor-gui/build/py_motor_gui/prefix_override:/home/teo/ros2-motor-gui/install/py_motor_gui/lib/python3.10/site-packages:${PYTHONPATH} /usr/bin/python3 setup.py egg_info --egg-base ../../build/py_motor_gui build --build-base /home/teo/ros2-motor-gui/build/py_motor_gui/build install --record /home/teo/ros2-motor-gui/build/py_motor_gui/install.log --single-version-externally-managed
[0.667s] running egg_info
[0.667s] creating ../../build/py_motor_gui/py_motor_gui.egg-info
[0.668s] writing ../../build/py_motor_gui/py_motor_gui.egg-info/PKG-INFO
[0.668s] writing dependency_links to ../../build/py_motor_gui/py_motor_gui.egg-info/dependency_links.txt
[0.668s] writing entry points to ../../build/py_motor_gui/py_motor_gui.egg-info/entry_points.txt
[0.668s] writing requirements to ../../build/py_motor_gui/py_motor_gui.egg-info/requires.txt
[0.668s] writing top-level names to ../../build/py_motor_gui/py_motor_gui.egg-info/top_level.txt
[0.668s] writing manifest file '../../build/py_motor_gui/py_motor_gui.egg-info/SOURCES.txt'
[0.669s] reading manifest file '../../build/py_motor_gui/py_motor_gui.egg-info/SOURCES.txt'
[0.669s] writing manifest file '../../build/py_motor_gui/py_motor_gui.egg-info/SOURCES.txt'
[0.669s] running build
[0.669s] running build_py
[0.669s] creating /home/teo/ros2-motor-gui/build/py_motor_gui/build
[0.669s] creating /home/teo/ros2-motor-gui/build/py_motor_gui/build/lib
[0.669s] creating /home/teo/ros2-motor-gui/build/py_motor_gui/build/lib/py_motor_gui
[0.669s] copying py_motor_gui/motorGuiLogic.py -> /home/teo/ros2-motor-gui/build/py_motor_gui/build/lib/py_motor_gui
[0.669s] copying py_motor_gui/motorGuiNode.py -> /home/teo/ros2-motor-gui/build/py_motor_gui/build/lib/py_motor_gui
[0.669s] copying py_motor_gui/motorGuiWindow.py -> /home/teo/ros2-motor-gui/build/py_motor_gui/build/lib/py_motor_gui
[0.669s] copying py_motor_gui/__init__.py -> /home/teo/ros2-motor-gui/build/py_motor_gui/build/lib/py_motor_gui
[0.669s] running install
[0.670s] running install_lib
[0.670s] creating /home/teo/ros2-motor-gui/install/py_motor_gui/lib/python3.10/site-packages/py_motor_gui
[0.670s] copying /home/teo/ros2-motor-gui/build/py_motor_gui/build/lib/py_motor_gui/motorGuiLogic.py -> /home/teo/ros2-motor-gui/install/py_motor_gui/lib/python3.10/site-packages/py_motor_gui
[0.670s] copying /home/teo/ros2-motor-gui/build/py_motor_gui/build/lib/py_motor_gui/motorGuiNode.py -> /home/teo/ros2-motor-gui/install/py_motor_gui/lib/python3.10/site-packages/py_motor_gui
[0.670s] copying /home/teo/ros2-motor-gui/build/py_motor_gui/build/lib/py_motor_gui/motorGuiWindow.py -> /home/teo/ros2-motor-gui/install/py_motor_gui/lib/python3.10/site-packages/py_motor_gui
[0.670s] copying /home/teo/ros2-motor-gui/build/py_motor_gui/build/lib/py_motor_gui/__init__.py -> /home/teo/ros2-motor-gui/install/py_motor_gui/lib/python3.10/site-packages/py_motor_gui
[0.670s] byte-compiling /home/teo/ros2-motor-gui/install/py_motor_gui/lib/python3.10/site-packages/py_motor_gui/motorGuiLogic.py to motorGuiLogic.cpython-310.pyc
[0.672s] byte-compiling /home/teo/ros2-motor-gui/install/py_motor_gui/lib/python3.10/site-packages/py_motor_gui/motorGuiNode.py to motorGuiNode.cpython-310.pyc
[0.672s] byte-compiling /home/teo/ros2-motor-gui/install/py_motor_gui/lib/python3.10/site-packages/py_motor_gui/motorGuiWindow.py to motorGuiWindow.cpython-310.pyc
[0.678s] byte-compiling /home/teo/ros2-motor-gui/install/py_motor_gui/lib/python3.10/site-packages/py_motor_gui/__init__.py to __init__.cpython-310.pyc
[0.678s] running install_data
[0.678s] creating /home/teo/ros2-motor-gui/install/py_motor_gui/share/ament_index
[0.678s] creating /home/teo/ros2-motor-gui/install/py_motor_gui/share/ament_index/resource_index
[0.678s] creating /home/teo/ros2-motor-gui/install/py_motor_gui/share/ament_index/resource_index/packages
[0.678s] copying resource/py_motor_gui -> /home/teo/ros2-motor-gui/install/py_motor_gui/share/ament_index/resource_index/packages
[0.678s] copying package.xml -> /home/teo/ros2-motor-gui/install/py_motor_gui/share/py_motor_gui
[0.679s] running install_egg_info
[0.680s] Copying ../../build/py_motor_gui/py_motor_gui.egg-info to /home/teo/ros2-motor-gui/install/py_motor_gui/lib/python3.10/site-packages/py_motor_gui-0.0.0-py3.10.egg-info
[0.680s] running install_scripts
[0.689s] Installing motorGui script to /home/teo/ros2-motor-gui/install/py_motor_gui/lib/py_motor_gui
[0.689s] writing list of installed files to '/home/teo/ros2-motor-gui/build/py_motor_gui/install.log'
[0.702s] Invoked command in '/home/teo/ros2-motor-gui/src/py_motor_gui' returned '0': PYTHONPATH=/home/teo/ros2-motor-gui/build/py_motor_gui/prefix_override:/home/teo/ros2-motor-gui/install/py_motor_gui/lib/python3.10/site-packages:${PYTHONPATH} /usr/bin/python3 setup.py egg_info --egg-base ../../build/py_motor_gui build --build-base /home/teo/ros2-motor-gui/build/py_motor_gui/build install --record /home/teo/ros2-motor-gui/build/py_motor_gui/install.log --single-version-externally-managed
