-- Found ament_cmake: 1.3.7 (/opt/ros/humble/share/ament_cmake/cmake)
-- Override CMake install command with custom implementation using symlinks instead of copying resources
-- Found ament_lint_auto: 0.12.10 (/opt/ros/humble/share/ament_lint_auto/cmake)
-- Added test 'flake8' to check Python code syntax and style conventions
-- Added test 'lint_cmake' to check CMake code style
-- Added test 'pep257' to check Python code against some of the docstring style conventions in PEP 257
-- Added test 'xmllint' to check XML markup files
-- Configuring done
-- Generating done
-- Build files have been written to: /home/teo/ros2_motor_gui_ws/build/py_motor_gui
-- Install configuration: ""
-- Execute custom install script
-- Symlinking: /home/teo/ros2_motor_gui_ws/install/py_motor_gui/share/ament_index/resource_index/package_run_dependencies/py_motor_gui
-- Symlinking: /home/teo/ros2_motor_gui_ws/install/py_motor_gui/share/ament_index/resource_index/parent_prefix_path/py_motor_gui
-- Symlinking: /home/teo/ros2_motor_gui_ws/install/py_motor_gui/share/py_motor_gui/environment/ament_prefix_path.sh
-- Symlinking: /home/teo/ros2_motor_gui_ws/install/py_motor_gui/share/py_motor_gui/environment/ament_prefix_path.dsv
-- Symlinking: /home/teo/ros2_motor_gui_ws/install/py_motor_gui/share/py_motor_gui/environment/path.sh
-- Symlinking: /home/teo/ros2_motor_gui_ws/install/py_motor_gui/share/py_motor_gui/environment/path.dsv
-- Symlinking: /home/teo/ros2_motor_gui_ws/install/py_motor_gui/share/py_motor_gui/local_setup.bash
-- Symlinking: /home/teo/ros2_motor_gui_ws/install/py_motor_gui/share/py_motor_gui/local_setup.sh
-- Symlinking: /home/teo/ros2_motor_gui_ws/install/py_motor_gui/share/py_motor_gui/local_setup.zsh
-- Symlinking: /home/teo/ros2_motor_gui_ws/install/py_motor_gui/share/py_motor_gui/local_setup.dsv
-- Symlinking: /home/teo/ros2_motor_gui_ws/install/py_motor_gui/share/py_motor_gui/package.dsv
-- Symlinking: /home/teo/ros2_motor_gui_ws/install/py_motor_gui/share/ament_index/resource_index/packages/py_motor_gui
-- Symlinking: /home/teo/ros2_motor_gui_ws/install/py_motor_gui/share/py_motor_gui/cmake/py_motor_guiConfig.cmake
-- Symlinking: /home/teo/ros2_motor_gui_ws/install/py_motor_gui/share/py_motor_gui/cmake/py_motor_guiConfig-version.cmake
-- Symlinking: /home/teo/ros2_motor_gui_ws/install/py_motor_gui/share/py_motor_gui/package.xml
