[0.033s] Invoking command in '/home/teo/ros2_motor_gui_ws/build/py_motor_gui': CMAKE_PREFIX_PATH=${CMAKE_PREFIX_PATH}:/opt/ros/humble /usr/bin/cmake /home/teo/ros2_motor_gui_ws/src/py_motor_gui -DAMENT_CMAKE_SYMLINK_INSTALL=1 -DCMAKE_INSTALL_PREFIX=/home/teo/ros2_motor_gui_ws/install/py_motor_gui
[0.038s] -- Found ament_cmake: 1.3.7 (/opt/ros/humble/share/ament_cmake/cmake)
[0.115s] -- Override CMake install command with custom implementation using symlinks instead of copying resources
[0.122s] -- Found ament_lint_auto: 0.12.10 (/opt/ros/humble/share/ament_lint_auto/cmake)
[0.184s] -- Added test 'flake8' to check Python code syntax and style conventions
[0.184s] -- Added test 'lint_cmake' to check CMake code style
[0.185s] -- Added test 'pep257' to check Python code against some of the docstring style conventions in PEP 257
[0.186s] -- Added test 'xmllint' to check XML markup files
[0.187s] -- Configuring done
[0.191s] -- Generating done
[0.193s] -- Build files have been written to: /home/teo/ros2_motor_gui_ws/build/py_motor_gui
[0.200s] Invoked command in '/home/teo/ros2_motor_gui_ws/build/py_motor_gui' returned '0': CMAKE_PREFIX_PATH=${CMAKE_PREFIX_PATH}:/opt/ros/humble /usr/bin/cmake /home/teo/ros2_motor_gui_ws/src/py_motor_gui -DAMENT_CMAKE_SYMLINK_INSTALL=1 -DCMAKE_INSTALL_PREFIX=/home/teo/ros2_motor_gui_ws/install/py_motor_gui
[0.201s] Invoking command in '/home/teo/ros2_motor_gui_ws/build/py_motor_gui': CMAKE_PREFIX_PATH=${CMAKE_PREFIX_PATH}:/opt/ros/humble /usr/bin/cmake --build /home/teo/ros2_motor_gui_ws/build/py_motor_gui -- -j20 -l20
[0.231s] Invoked command in '/home/teo/ros2_motor_gui_ws/build/py_motor_gui' returned '0': CMAKE_PREFIX_PATH=${CMAKE_PREFIX_PATH}:/opt/ros/humble /usr/bin/cmake --build /home/teo/ros2_motor_gui_ws/build/py_motor_gui -- -j20 -l20
[0.254s] Invoking command in '/home/teo/ros2_motor_gui_ws/build/py_motor_gui': CMAKE_PREFIX_PATH=${CMAKE_PREFIX_PATH}:/opt/ros/humble /usr/bin/cmake --install /home/teo/ros2_motor_gui_ws/build/py_motor_gui
[0.259s] -- Install configuration: ""
[0.260s] -- Execute custom install script
[0.260s] -- Symlinking: /home/teo/ros2_motor_gui_ws/install/py_motor_gui/share/ament_index/resource_index/package_run_dependencies/py_motor_gui
[0.265s] -- Symlinking: /home/teo/ros2_motor_gui_ws/install/py_motor_gui/share/ament_index/resource_index/parent_prefix_path/py_motor_gui
[0.273s] -- Symlinking: /home/teo/ros2_motor_gui_ws/install/py_motor_gui/share/py_motor_gui/environment/ament_prefix_path.sh
[0.280s] -- Symlinking: /home/teo/ros2_motor_gui_ws/install/py_motor_gui/share/py_motor_gui/environment/ament_prefix_path.dsv
[0.292s] -- Symlinking: /home/teo/ros2_motor_gui_ws/install/py_motor_gui/share/py_motor_gui/environment/path.sh
[0.299s] -- Symlinking: /home/teo/ros2_motor_gui_ws/install/py_motor_gui/share/py_motor_gui/environment/path.dsv
[0.306s] -- Symlinking: /home/teo/ros2_motor_gui_ws/install/py_motor_gui/share/py_motor_gui/local_setup.bash
[0.314s] -- Symlinking: /home/teo/ros2_motor_gui_ws/install/py_motor_gui/share/py_motor_gui/local_setup.sh
[0.318s] -- Symlinking: /home/teo/ros2_motor_gui_ws/install/py_motor_gui/share/py_motor_gui/local_setup.zsh
[0.322s] -- Symlinking: /home/teo/ros2_motor_gui_ws/install/py_motor_gui/share/py_motor_gui/local_setup.dsv
[0.327s] -- Symlinking: /home/teo/ros2_motor_gui_ws/install/py_motor_gui/share/py_motor_gui/package.dsv
[0.331s] -- Symlinking: /home/teo/ros2_motor_gui_ws/install/py_motor_gui/share/ament_index/resource_index/packages/py_motor_gui
[0.335s] -- Symlinking: /home/teo/ros2_motor_gui_ws/install/py_motor_gui/share/py_motor_gui/cmake/py_motor_guiConfig.cmake
[0.338s] -- Symlinking: /home/teo/ros2_motor_gui_ws/install/py_motor_gui/share/py_motor_gui/cmake/py_motor_guiConfig-version.cmake
[0.343s] -- Symlinking: /home/teo/ros2_motor_gui_ws/install/py_motor_gui/share/py_motor_gui/package.xml
[0.352s] Invoked command in '/home/teo/ros2_motor_gui_ws/build/py_motor_gui' returned '0': CMAKE_PREFIX_PATH=${CMAKE_PREFIX_PATH}:/opt/ros/humble /usr/bin/cmake --install /home/teo/ros2_motor_gui_ws/build/py_motor_gui
