[0.032s] Invoking command in '/home/teo/ros2_motor_gui_ws/build/py_motor_gui': CMAKE_PREFIX_PATH=${CMAKE_PREFIX_PATH}:/opt/ros/humble /usr/bin/cmake --build /home/teo/ros2_motor_gui_ws/build/py_motor_gui -- -j20 -l20
[0.052s] Invoked command in '/home/teo/ros2_motor_gui_ws/build/py_motor_gui' returned '0': CMAKE_PREFIX_PATH=${CMAKE_PREFIX_PATH}:/opt/ros/humble /usr/bin/cmake --build /home/teo/ros2_motor_gui_ws/build/py_motor_gui -- -j20 -l20
[0.066s] Invoking command in '/home/teo/ros2_motor_gui_ws/build/py_motor_gui': CMAKE_PREFIX_PATH=${CMAKE_PREFIX_PATH}:/opt/ros/humble /usr/bin/cmake --install /home/teo/ros2_motor_gui_ws/build/py_motor_gui
[0.070s] -- Install configuration: ""
[0.070s] -- Up-to-date: /home/teo/ros2_motor_gui_ws/install/py_motor_gui/share/ament_index/resource_index/package_run_dependencies/py_motor_gui
[0.070s] -- Up-to-date: /home/teo/ros2_motor_gui_ws/install/py_motor_gui/share/ament_index/resource_index/parent_prefix_path/py_motor_gui
[0.070s] -- Up-to-date: /home/teo/ros2_motor_gui_ws/install/py_motor_gui/share/py_motor_gui/environment/ament_prefix_path.sh
[0.070s] -- Up-to-date: /home/teo/ros2_motor_gui_ws/install/py_motor_gui/share/py_motor_gui/environment/ament_prefix_path.dsv
[0.070s] -- Up-to-date: /home/teo/ros2_motor_gui_ws/install/py_motor_gui/share/py_motor_gui/environment/path.sh
[0.070s] -- Up-to-date: /home/teo/ros2_motor_gui_ws/install/py_motor_gui/share/py_motor_gui/environment/path.dsv
[0.070s] -- Up-to-date: /home/teo/ros2_motor_gui_ws/install/py_motor_gui/share/py_motor_gui/local_setup.bash
[0.070s] -- Up-to-date: /home/teo/ros2_motor_gui_ws/install/py_motor_gui/share/py_motor_gui/local_setup.sh
[0.070s] -- Up-to-date: /home/teo/ros2_motor_gui_ws/install/py_motor_gui/share/py_motor_gui/local_setup.zsh
[0.071s] -- Up-to-date: /home/teo/ros2_motor_gui_ws/install/py_motor_gui/share/py_motor_gui/local_setup.dsv
[0.071s] -- Up-to-date: /home/teo/ros2_motor_gui_ws/install/py_motor_gui/share/py_motor_gui/package.dsv
[0.071s] -- Up-to-date: /home/teo/ros2_motor_gui_ws/install/py_motor_gui/share/ament_index/resource_index/packages/py_motor_gui
[0.071s] -- Up-to-date: /home/teo/ros2_motor_gui_ws/install/py_motor_gui/share/py_motor_gui/cmake/py_motor_guiConfig.cmake
[0.071s] -- Up-to-date: /home/teo/ros2_motor_gui_ws/install/py_motor_gui/share/py_motor_gui/cmake/py_motor_guiConfig-version.cmake
[0.071s] -- Up-to-date: /home/teo/ros2_motor_gui_ws/install/py_motor_gui/share/py_motor_gui/package.xml
[0.072s] Invoked command in '/home/teo/ros2_motor_gui_ws/build/py_motor_gui' returned '0': CMAKE_PREFIX_PATH=${CMAKE_PREFIX_PATH}:/opt/ros/humble /usr/bin/cmake --install /home/teo/ros2_motor_gui_ws/build/py_motor_gui
