running egg_info
writing ../../build/py_motor_gui/py_motor_gui.egg-info/PKG-INFO
writing dependency_links to ../../build/py_motor_gui/py_motor_gui.egg-info/dependency_links.txt
writing entry points to ../../build/py_motor_gui/py_motor_gui.egg-info/entry_points.txt
writing requirements to ../../build/py_motor_gui/py_motor_gui.egg-info/requires.txt
writing top-level names to ../../build/py_motor_gui/py_motor_gui.egg-info/top_level.txt
reading manifest file '../../build/py_motor_gui/py_motor_gui.egg-info/SOURCES.txt'
writing manifest file '../../build/py_motor_gui/py_motor_gui.egg-info/SOURCES.txt'
running build
running build_py
creating /home/teo/ros2-teo-ws/build/py_motor_gui/build
creating /home/teo/ros2-teo-ws/build/py_motor_gui/build/lib
creating /home/teo/ros2-teo-ws/build/py_motor_gui/build/lib/py_motor_gui
copying py_motor_gui/motorGuiLogic.py -> /home/teo/ros2-teo-ws/build/py_motor_gui/build/lib/py_motor_gui
copying py_motor_gui/motorGuiNode.py -> /home/teo/ros2-teo-ws/build/py_motor_gui/build/lib/py_motor_gui
copying py_motor_gui/motorGuiWindow.py -> /home/teo/ros2-teo-ws/build/py_motor_gui/build/lib/py_motor_gui
copying py_motor_gui/__init__.py -> /home/teo/ros2-teo-ws/build/py_motor_gui/build/lib/py_motor_gui
running install
running install_lib
creating /home/teo/ros2-teo-ws/install/py_motor_gui/lib/python3.10/site-packages/py_motor_gui
copying /home/teo/ros2-teo-ws/build/py_motor_gui/build/lib/py_motor_gui/motorGuiLogic.py -> /home/teo/ros2-teo-ws/install/py_motor_gui/lib/python3.10/site-packages/py_motor_gui
copying /home/teo/ros2-teo-ws/build/py_motor_gui/build/lib/py_motor_gui/motorGuiNode.py -> /home/teo/ros2-teo-ws/install/py_motor_gui/lib/python3.10/site-packages/py_motor_gui
copying /home/teo/ros2-teo-ws/build/py_motor_gui/build/lib/py_motor_gui/motorGuiWindow.py -> /home/teo/ros2-teo-ws/install/py_motor_gui/lib/python3.10/site-packages/py_motor_gui
copying /home/teo/ros2-teo-ws/build/py_motor_gui/build/lib/py_motor_gui/__init__.py -> /home/teo/ros2-teo-ws/install/py_motor_gui/lib/python3.10/site-packages/py_motor_gui
byte-compiling /home/teo/ros2-teo-ws/install/py_motor_gui/lib/python3.10/site-packages/py_motor_gui/motorGuiLogic.py to motorGuiLogic.cpython-310.pyc
byte-compiling /home/teo/ros2-teo-ws/install/py_motor_gui/lib/python3.10/site-packages/py_motor_gui/motorGuiNode.py to motorGuiNode.cpython-310.pyc
byte-compiling /home/teo/ros2-teo-ws/install/py_motor_gui/lib/python3.10/site-packages/py_motor_gui/motorGuiWindow.py to motorGuiWindow.cpython-310.pyc
byte-compiling /home/teo/ros2-teo-ws/install/py_motor_gui/lib/python3.10/site-packages/py_motor_gui/__init__.py to __init__.cpython-310.pyc
running install_data
running install_egg_info
removing '/home/teo/ros2-teo-ws/install/py_motor_gui/lib/python3.10/site-packages/py_motor_gui-0.0.0-py3.10.egg-info' (and everything under it)
Copying ../../build/py_motor_gui/py_motor_gui.egg-info to /home/teo/ros2-teo-ws/install/py_motor_gui/lib/python3.10/site-packages/py_motor_gui-0.0.0-py3.10.egg-info
running install_scripts
Installing motorGui script to /home/teo/ros2-teo-ws/install/py_motor_gui/lib/py_motor_gui
writing list of installed files to '/home/teo/ros2-teo-ws/build/py_motor_gui/install.log'
