[0.409s] Invoking command in '/home/teo/ros2-teo-ws/src/py_motor_gui': PYTHONPATH=/home/teo/ros2-teo-ws/build/py_motor_gui/prefix_override:/home/teo/ros2-teo-ws/install/py_motor_gui/lib/python3.10/site-packages:${PYTHONPATH} /usr/bin/python3 setup.py egg_info --egg-base ../../build/py_motor_gui build --build-base /home/teo/ros2-teo-ws/build/py_motor_gui/build install --record /home/teo/ros2-teo-ws/build/py_motor_gui/install.log --single-version-externally-managed
[0.529s] running egg_info
[0.530s] writing ../../build/py_motor_gui/py_motor_gui.egg-info/PKG-INFO
[0.530s] writing dependency_links to ../../build/py_motor_gui/py_motor_gui.egg-info/dependency_links.txt
[0.530s] writing entry points to ../../build/py_motor_gui/py_motor_gui.egg-info/entry_points.txt
[0.530s] writing requirements to ../../build/py_motor_gui/py_motor_gui.egg-info/requires.txt
[0.530s] writing top-level names to ../../build/py_motor_gui/py_motor_gui.egg-info/top_level.txt
[0.532s] reading manifest file '../../build/py_motor_gui/py_motor_gui.egg-info/SOURCES.txt'
[0.532s] writing manifest file '../../build/py_motor_gui/py_motor_gui.egg-info/SOURCES.txt'
[0.532s] running build
[0.532s] running build_py
[0.532s] creating /home/teo/ros2-teo-ws/build/py_motor_gui/build
[0.532s] creating /home/teo/ros2-teo-ws/build/py_motor_gui/build/lib
[0.532s] creating /home/teo/ros2-teo-ws/build/py_motor_gui/build/lib/py_motor_gui
[0.532s] copying py_motor_gui/motorGuiLogic.py -> /home/teo/ros2-teo-ws/build/py_motor_gui/build/lib/py_motor_gui
[0.532s] copying py_motor_gui/motorGuiNode.py -> /home/teo/ros2-teo-ws/build/py_motor_gui/build/lib/py_motor_gui
[0.532s] copying py_motor_gui/motorGuiWindow.py -> /home/teo/ros2-teo-ws/build/py_motor_gui/build/lib/py_motor_gui
[0.532s] copying py_motor_gui/__init__.py -> /home/teo/ros2-teo-ws/build/py_motor_gui/build/lib/py_motor_gui
[0.533s] running install
[0.533s] running install_lib
[0.533s] creating /home/teo/ros2-teo-ws/install/py_motor_gui/lib/python3.10/site-packages/py_motor_gui
[0.533s] copying /home/teo/ros2-teo-ws/build/py_motor_gui/build/lib/py_motor_gui/motorGuiLogic.py -> /home/teo/ros2-teo-ws/install/py_motor_gui/lib/python3.10/site-packages/py_motor_gui
[0.533s] copying /home/teo/ros2-teo-ws/build/py_motor_gui/build/lib/py_motor_gui/motorGuiNode.py -> /home/teo/ros2-teo-ws/install/py_motor_gui/lib/python3.10/site-packages/py_motor_gui
[0.533s] copying /home/teo/ros2-teo-ws/build/py_motor_gui/build/lib/py_motor_gui/motorGuiWindow.py -> /home/teo/ros2-teo-ws/install/py_motor_gui/lib/python3.10/site-packages/py_motor_gui
[0.534s] copying /home/teo/ros2-teo-ws/build/py_motor_gui/build/lib/py_motor_gui/__init__.py -> /home/teo/ros2-teo-ws/install/py_motor_gui/lib/python3.10/site-packages/py_motor_gui
[0.534s] byte-compiling /home/teo/ros2-teo-ws/install/py_motor_gui/lib/python3.10/site-packages/py_motor_gui/motorGuiLogic.py to motorGuiLogic.cpython-310.pyc
[0.536s] byte-compiling /home/teo/ros2-teo-ws/install/py_motor_gui/lib/python3.10/site-packages/py_motor_gui/motorGuiNode.py to motorGuiNode.cpython-310.pyc
[0.536s] byte-compiling /home/teo/ros2-teo-ws/install/py_motor_gui/lib/python3.10/site-packages/py_motor_gui/motorGuiWindow.py to motorGuiWindow.cpython-310.pyc
[0.543s] byte-compiling /home/teo/ros2-teo-ws/install/py_motor_gui/lib/python3.10/site-packages/py_motor_gui/__init__.py to __init__.cpython-310.pyc
[0.543s] running install_data
[0.544s] running install_egg_info
[0.545s] removing '/home/teo/ros2-teo-ws/install/py_motor_gui/lib/python3.10/site-packages/py_motor_gui-0.0.0-py3.10.egg-info' (and everything under it)
[0.545s] Copying ../../build/py_motor_gui/py_motor_gui.egg-info to /home/teo/ros2-teo-ws/install/py_motor_gui/lib/python3.10/site-packages/py_motor_gui-0.0.0-py3.10.egg-info
[0.545s] running install_scripts
[0.555s] Installing motorGui script to /home/teo/ros2-teo-ws/install/py_motor_gui/lib/py_motor_gui
[0.555s] writing list of installed files to '/home/teo/ros2-teo-ws/build/py_motor_gui/install.log'
[0.572s] Invoked command in '/home/teo/ros2-teo-ws/src/py_motor_gui' returned '0': PYTHONPATH=/home/teo/ros2-teo-ws/build/py_motor_gui/prefix_override:/home/teo/ros2-teo-ws/install/py_motor_gui/lib/python3.10/site-packages:${PYTHONPATH} /usr/bin/python3 setup.py egg_info --egg-base ../../build/py_motor_gui build --build-base /home/teo/ros2-teo-ws/build/py_motor_gui/build install --record /home/teo/ros2-teo-ws/build/py_motor_gui/install.log --single-version-externally-managed
