[0.824s] Invoking command in '/home/teo/ros2_motor_gui_ws/src/py_motor_gui': PYTHONPATH=/home/teo/ros2_motor_gui_ws/build/py_motor_gui/prefix_override:/home/teo/ros2_motor_gui_ws/install/py_motor_gui/lib/python3.10/site-packages:${PYTHONPATH} /usr/bin/python3 setup.py egg_info --egg-base ../../build/py_motor_gui build --build-base /home/teo/ros2_motor_gui_ws/build/py_motor_gui/build install --record /home/teo/ros2_motor_gui_ws/build/py_motor_gui/install.log --single-version-externally-managed
[0.946s] running egg_info
[0.946s] creating ../../build/py_motor_gui/py_motor_gui.egg-info
[0.946s] writing ../../build/py_motor_gui/py_motor_gui.egg-info/PKG-INFO
[0.947s] writing dependency_links to ../../build/py_motor_gui/py_motor_gui.egg-info/dependency_links.txt
[0.947s] writing entry points to ../../build/py_motor_gui/py_motor_gui.egg-info/entry_points.txt
[0.947s] writing requirements to ../../build/py_motor_gui/py_motor_gui.egg-info/requires.txt
[0.947s] writing top-level names to ../../build/py_motor_gui/py_motor_gui.egg-info/top_level.txt
[0.947s] writing manifest file '../../build/py_motor_gui/py_motor_gui.egg-info/SOURCES.txt'
[0.950s] reading manifest file '../../build/py_motor_gui/py_motor_gui.egg-info/SOURCES.txt'
[0.950s] adding license file 'LICENSE'
[0.950s] writing manifest file '../../build/py_motor_gui/py_motor_gui.egg-info/SOURCES.txt'
[0.950s] running build
[0.950s] running build_py
[0.951s] creating /home/teo/ros2_motor_gui_ws/build/py_motor_gui/build
[0.951s] creating /home/teo/ros2_motor_gui_ws/build/py_motor_gui/build/lib
[0.951s] creating /home/teo/ros2_motor_gui_ws/build/py_motor_gui/build/lib/py_motor_gui
[0.951s] copying py_motor_gui/motorGuiLogic.py -> /home/teo/ros2_motor_gui_ws/build/py_motor_gui/build/lib/py_motor_gui
[0.952s] copying py_motor_gui/motorGuiNode.py -> /home/teo/ros2_motor_gui_ws/build/py_motor_gui/build/lib/py_motor_gui
[0.952s] copying py_motor_gui/my_node.py -> /home/teo/ros2_motor_gui_ws/build/py_motor_gui/build/lib/py_motor_gui
[0.952s] copying py_motor_gui/motorGuiWindow.py -> /home/teo/ros2_motor_gui_ws/build/py_motor_gui/build/lib/py_motor_gui
[0.952s] copying py_motor_gui/__init__.py -> /home/teo/ros2_motor_gui_ws/build/py_motor_gui/build/lib/py_motor_gui
[0.953s] running install
[0.953s] /usr/lib/python3/dist-packages/setuptools/command/install.py:34: SetuptoolsDeprecationWarning: setup.py install is deprecated. Use build and pip and other standards-based tools.
[0.953s]   warnings.warn(
[0.953s] running install_lib
[0.954s] creating /home/teo/ros2_motor_gui_ws/install/py_motor_gui/lib/python3.10/site-packages/py_motor_gui
[0.954s] copying /home/teo/ros2_motor_gui_ws/build/py_motor_gui/build/lib/py_motor_gui/motorGuiLogic.py -> /home/teo/ros2_motor_gui_ws/install/py_motor_gui/lib/python3.10/site-packages/py_motor_gui
[0.955s] copying /home/teo/ros2_motor_gui_ws/build/py_motor_gui/build/lib/py_motor_gui/motorGuiNode.py -> /home/teo/ros2_motor_gui_ws/install/py_motor_gui/lib/python3.10/site-packages/py_motor_gui
[0.955s] copying /home/teo/ros2_motor_gui_ws/build/py_motor_gui/build/lib/py_motor_gui/my_node.py -> /home/teo/ros2_motor_gui_ws/install/py_motor_gui/lib/python3.10/site-packages/py_motor_gui
[0.955s] copying /home/teo/ros2_motor_gui_ws/build/py_motor_gui/build/lib/py_motor_gui/motorGuiWindow.py -> /home/teo/ros2_motor_gui_ws/install/py_motor_gui/lib/python3.10/site-packages/py_motor_gui
[0.955s] copying /home/teo/ros2_motor_gui_ws/build/py_motor_gui/build/lib/py_motor_gui/__init__.py -> /home/teo/ros2_motor_gui_ws/install/py_motor_gui/lib/python3.10/site-packages/py_motor_gui
[0.955s] byte-compiling /home/teo/ros2_motor_gui_ws/install/py_motor_gui/lib/python3.10/site-packages/py_motor_gui/motorGuiLogic.py to motorGuiLogic.cpython-310.pyc
[0.957s] byte-compiling /home/teo/ros2_motor_gui_ws/install/py_motor_gui/lib/python3.10/site-packages/py_motor_gui/motorGuiNode.py to motorGuiNode.cpython-310.pyc
[0.958s] byte-compiling /home/teo/ros2_motor_gui_ws/install/py_motor_gui/lib/python3.10/site-packages/py_motor_gui/my_node.py to my_node.cpython-310.pyc
[0.958s] byte-compiling /home/teo/ros2_motor_gui_ws/install/py_motor_gui/lib/python3.10/site-packages/py_motor_gui/motorGuiWindow.py to motorGuiWindow.cpython-310.pyc
[0.971s] byte-compiling /home/teo/ros2_motor_gui_ws/install/py_motor_gui/lib/python3.10/site-packages/py_motor_gui/__init__.py to __init__.cpython-310.pyc
[0.971s] running install_data
[0.972s] copying resource/py_motor_gui -> /home/teo/ros2_motor_gui_ws/install/py_motor_gui/share/ament_index/resource_index/packages
[0.972s] running install_egg_info
[0.974s] Copying ../../build/py_motor_gui/py_motor_gui.egg-info to /home/teo/ros2_motor_gui_ws/install/py_motor_gui/lib/python3.10/site-packages/py_motor_gui-0.0.0-py3.10.egg-info
[0.975s] running install_scripts
[0.993s] Installing motorGui script to /home/teo/ros2_motor_gui_ws/install/py_motor_gui/lib/py_motor_gui
[0.993s] writing list of installed files to '/home/teo/ros2_motor_gui_ws/build/py_motor_gui/install.log'
[1.014s] Invoked command in '/home/teo/ros2_motor_gui_ws/src/py_motor_gui' returned '0': PYTHONPATH=/home/teo/ros2_motor_gui_ws/build/py_motor_gui/prefix_override:/home/teo/ros2_motor_gui_ws/install/py_motor_gui/lib/python3.10/site-packages:${PYTHONPATH} /usr/bin/python3 setup.py egg_info --egg-base ../../build/py_motor_gui build --build-base /home/teo/ros2_motor_gui_ws/build/py_motor_gui/build install --record /home/teo/ros2_motor_gui_ws/build/py_motor_gui/install.log --single-version-externally-managed
