[0.377s] Invoking command in '/home/teo/ros2-teo-ws/src/py_motor_gui': PYTHONPATH=/home/teo/ros2-teo-ws/build/py_motor_gui/prefix_override:/home/teo/ros2-teo-ws/install/py_motor_gui/lib/python3.10/site-packages:${PYTHONPATH} /usr/bin/python3 setup.py egg_info --egg-base ../../build/py_motor_gui build --build-base /home/teo/ros2-teo-ws/build/py_motor_gui/build install --record /home/teo/ros2-teo-ws/build/py_motor_gui/install.log --single-version-externally-managed
[0.496s] running egg_info
[0.496s] creating ../../build/py_motor_gui/py_motor_gui.egg-info
[0.497s] writing ../../build/py_motor_gui/py_motor_gui.egg-info/PKG-INFO
[0.497s] writing dependency_links to ../../build/py_motor_gui/py_motor_gui.egg-info/dependency_links.txt
[0.497s] writing entry points to ../../build/py_motor_gui/py_motor_gui.egg-info/entry_points.txt
[0.497s] writing requirements to ../../build/py_motor_gui/py_motor_gui.egg-info/requires.txt
[0.497s] writing top-level names to ../../build/py_motor_gui/py_motor_gui.egg-info/top_level.txt
[0.497s] writing manifest file '../../build/py_motor_gui/py_motor_gui.egg-info/SOURCES.txt'
[0.497s] reading manifest file '../../build/py_motor_gui/py_motor_gui.egg-info/SOURCES.txt'
[0.498s] writing manifest file '../../build/py_motor_gui/py_motor_gui.egg-info/SOURCES.txt'
[0.498s] running build
[0.498s] running install
[0.498s] running install_data
[0.498s] creating /home/teo/ros2-teo-ws/install/py_motor_gui/share/ament_index
[0.498s] creating /home/teo/ros2-teo-ws/install/py_motor_gui/share/ament_index/resource_index
[0.498s] creating /home/teo/ros2-teo-ws/install/py_motor_gui/share/ament_index/resource_index/packages
[0.498s] copying resource/py_motor_gui -> /home/teo/ros2-teo-ws/install/py_motor_gui/share/ament_index/resource_index/packages
[0.498s] copying package.xml -> /home/teo/ros2-teo-ws/install/py_motor_gui/share/py_motor_gui
[0.498s] running install_egg_info
[0.500s] Copying ../../build/py_motor_gui/py_motor_gui.egg-info to /home/teo/ros2-teo-ws/install/py_motor_gui/lib/python3.10/site-packages/py_motor_gui-0.0.0-py3.10.egg-info
[0.500s] running install_scripts
[0.509s] Installing motorGui script to /home/teo/ros2-teo-ws/install/py_motor_gui/lib/py_motor_gui
[0.509s] writing list of installed files to '/home/teo/ros2-teo-ws/build/py_motor_gui/install.log'
[0.526s] Invoked command in '/home/teo/ros2-teo-ws/src/py_motor_gui' returned '0': PYTHONPATH=/home/teo/ros2-teo-ws/build/py_motor_gui/prefix_override:/home/teo/ros2-teo-ws/install/py_motor_gui/lib/python3.10/site-packages:${PYTHONPATH} /usr/bin/python3 setup.py egg_info --egg-base ../../build/py_motor_gui build --build-base /home/teo/ros2-teo-ws/build/py_motor_gui/build install --record /home/teo/ros2-teo-ws/build/py_motor_gui/install.log --single-version-externally-managed
