[0.033s] Invoking command in '/home/teo/ros2_motor_gui_ws/build/py_motor_gui': CMAKE_PREFIX_PATH=${CMAKE_PREFIX_PATH}:/opt/ros/humble /usr/bin/cmake --build /home/teo/ros2_motor_gui_ws/build/py_motor_gui -- -j20 -l20
[0.045s] -- Found ament_cmake: 1.3.7 (/opt/ros/humble/share/ament_cmake/cmake)
[0.128s] -- Found ament_lint_auto: 0.12.10 (/opt/ros/humble/share/ament_lint_auto/cmake)
[0.166s] -- Added test 'flake8' to check Python code syntax and style conventions
[0.167s] -- Added test 'lint_cmake' to check CMake code style
[0.167s] -- Added test 'pep257' to check Python code against some of the docstring style conventions in PEP 257
[0.167s] -- Added test 'xmllint' to check XML markup files
[0.167s] -- Configuring done
[0.169s] -- Generating done
[0.169s] -- Build files have been written to: /home/teo/ros2_motor_gui_ws/build/py_motor_gui
[0.180s] Invoked command in '/home/teo/ros2_motor_gui_ws/build/py_motor_gui' returned '0': CMAKE_PREFIX_PATH=${CMAKE_PREFIX_PATH}:/opt/ros/humble /usr/bin/cmake --build /home/teo/ros2_motor_gui_ws/build/py_motor_gui -- -j20 -l20
[0.195s] Invoking command in '/home/teo/ros2_motor_gui_ws/build/py_motor_gui': CMAKE_PREFIX_PATH=${CMAKE_PREFIX_PATH}:/opt/ros/humble /usr/bin/cmake --install /home/teo/ros2_motor_gui_ws/build/py_motor_gui
[0.197s] -- Install configuration: ""
[0.197s] -- Up-to-date: /home/teo/ros2_motor_gui_ws/install/py_motor_gui/share/ament_index/resource_index/package_run_dependencies/py_motor_gui
[0.197s] -- Installing: /home/teo/ros2_motor_gui_ws/install/py_motor_gui/share/ament_index/resource_index/parent_prefix_path/py_motor_gui
[0.198s] -- Up-to-date: /home/teo/ros2_motor_gui_ws/install/py_motor_gui/share/py_motor_gui/environment/ament_prefix_path.sh
[0.198s] -- Installing: /home/teo/ros2_motor_gui_ws/install/py_motor_gui/share/py_motor_gui/environment/ament_prefix_path.dsv
[0.198s] -- Up-to-date: /home/teo/ros2_motor_gui_ws/install/py_motor_gui/share/py_motor_gui/environment/path.sh
[0.198s] -- Installing: /home/teo/ros2_motor_gui_ws/install/py_motor_gui/share/py_motor_gui/environment/path.dsv
[0.198s] -- Up-to-date: /home/teo/ros2_motor_gui_ws/install/py_motor_gui/share/py_motor_gui/local_setup.bash
[0.198s] -- Up-to-date: /home/teo/ros2_motor_gui_ws/install/py_motor_gui/share/py_motor_gui/local_setup.sh
[0.198s] -- Up-to-date: /home/teo/ros2_motor_gui_ws/install/py_motor_gui/share/py_motor_gui/local_setup.zsh
[0.198s] -- Installing: /home/teo/ros2_motor_gui_ws/install/py_motor_gui/share/py_motor_gui/local_setup.dsv
[0.198s] -- Installing: /home/teo/ros2_motor_gui_ws/install/py_motor_gui/share/py_motor_gui/package.dsv
[0.198s] -- Up-to-date: /home/teo/ros2_motor_gui_ws/install/py_motor_gui/share/ament_index/resource_index/packages/py_motor_gui
[0.198s] -- Up-to-date: /home/teo/ros2_motor_gui_ws/install/py_motor_gui/share/py_motor_gui/cmake/py_motor_guiConfig.cmake
[0.198s] -- Up-to-date: /home/teo/ros2_motor_gui_ws/install/py_motor_gui/share/py_motor_gui/cmake/py_motor_guiConfig-version.cmake
[0.198s] -- Installing: /home/teo/ros2_motor_gui_ws/install/py_motor_gui/share/py_motor_gui/package.xml
[0.199s] Invoked command in '/home/teo/ros2_motor_gui_ws/build/py_motor_gui' returned '0': CMAKE_PREFIX_PATH=${CMAKE_PREFIX_PATH}:/opt/ros/humble /usr/bin/cmake --install /home/teo/ros2_motor_gui_ws/build/py_motor_gui
